
> Portfolio optimization@0.1.0 build
> next build

   ▲ Next.js 16.0.10 (Turbopack)

   Creating an optimized production build ...
 ✓ Compiled successfully in 2.0s
   Running TypeScript ...
   Collecting page data using 19 workers ...
   Generating static pages using 19 workers (0/11) ...
   Generating static pages using 19 workers (2/11) 
   Generating static pages using 19 workers (5/11) 
   Generating static pages using 19 workers (8/11) 
 ✓ Generating static pages using 19 workers (11/11) in 657.0ms
   Finalizing page optimization ...

Route (app)
┌ ○ /
├ ○ /_not-found
└ ● /projects/[id]
  ├ /projects/audit-web-security
  ├ /projects/vpn-cisco-infrastructure
  ├ /projects/pentest-wordpress
  └ [+5 more paths]


○  (Static)  prerendered as static content
●  (SSG)     prerendered as static HTML (uses generateStaticParams)

